<?xml version="1.0" encoding="UTF-8"?>
<testsuite xmlns:xsi="http://www.w3.org/2001/XMLSchema-instance" xsi:noNamespaceSchemaLocation="https://maven.apache.org/surefire/maven-surefire-plugin/xsd/surefire-test-report.xsd" name="GameLogic.BoardTest" time="0.07" tests="8" errors="0" skipped="0" failures="0">
  <properties>
[...]
</properties>
  <testcase name="numberOfTrapBCreatedBasedOnLevel{int}[1]" classname="GameLogic.BoardTest" time="0.029"/>
  <testcase name="numberOfTrapBCreatedBasedOnLevel{int}[2]" classname="GameLogic.BoardTest" time="0.003"/>
  <testcase name="numberOfTrapBCreatedBasedOnLevel{int}[3]" classname="GameLogic.BoardTest" time="0.002"/>
  <testcase name="numberOfTrapACreatedBasedOnLevel{int}[1]" classname="GameLogic.BoardTest" time="0.001"/>
  <testcase name="numberOfTrapACreatedBasedOnLevel{int}[2]" classname="GameLogic.BoardTest" time="0.001"/>
  <testcase name="numberOfTrapACreatedBasedOnLevel{int}[3]" classname="GameLogic.BoardTest" time="0.001"/>
  <testcase name="totalDamageDeductionCheck" classname="GameLogic.BoardTest" time="0.001"/>
  <testcase name="trapLocationBounds" classname="GameLogic.BoardTest" time="0.001"/>
</testsuite>